<?xml version="1.0" encoding="UTF-8"?>
<!-- Generated by org.testng.reporters.JUnitReportReporter -->
<testsuite skipped="0" hostname="USGURNGALHOTRA7" name="com.trial.testCases.TC_AddCustomerTest_003" tests="1" failures="0" timestamp="2020-12-27T18:02:34 IST" time="15.382" errors="0">
  <testcase name="addNewCustomer" time="15.382" classname="com.trial.testCases.TC_AddCustomerTest_003"/>
  <system-out/>
</testsuite> <!-- com.trial.testCases.TC_AddCustomerTest_003 -->
