<?xml version="1.0" encoding="UTF-8"?>
<!-- Generated by org.testng.reporters.JUnitReportReporter -->
<testsuite skipped="0" hostname="USGURNGALHOTRA7" name="com.trial.testCases.TC_LoginTest_001" tests="1" failures="0" timestamp="2020-12-27T18:02:34 IST" time="25.321" errors="0">
  <testcase name="loginTest" time="25.321" classname="com.trial.testCases.TC_LoginTest_001"/>
  <system-out/>
</testsuite> <!-- com.trial.testCases.TC_LoginTest_001 -->
